abr. 12, 2025 5:58:06 PM liquibase.changelog
INFORMAÇÕES: Reading resource: db/changelog/migrations/db.changelog-202504121705.sql
abr. 12, 2025 5:58:06 PM liquibase.changelog
INFORMAÇÕES: Reading resource: db/changelog/migrations/db.changelog-202504121738.sql
abr. 12, 2025 5:58:06 PM liquibase.changelog
INFORMAÇÕES: Reading resource: db/changelog/migrations/db.changelog-202504121747.sql
abr. 12, 2025 5:58:06 PM liquibase.changelog
INFORMAÇÕES: Reading resource: db/changelog/migrations/db.changelog-202504121752.sql
abr. 12, 2025 5:58:06 PM liquibase.changelog
INFORMAÇÕES: Reading from board.databasechangelog
abr. 12, 2025 5:58:06 PM liquibase.lockservice
INFORMAÇÕES: Successfully acquired change log lock
abr. 12, 2025 5:58:06 PM liquibase.command
INFORMAÇÕES: Using deploymentId: 4491486617
abr. 12, 2025 5:58:06 PM liquibase.changelog
INFORMAÇÕES: Reading from board.databasechangelog
Running Changeset: db/changelog/migrations/db.changelog-202504121738.sql::202504121738::junior
abr. 12, 2025 5:58:06 PM liquibase.changelog
INFORMAÇÕES: Custom SQL executed
abr. 12, 2025 5:58:06 PM liquibase.changelog
INFORMAÇÕES: ChangeSet db/changelog/migrations/db.changelog-202504121738.sql::202504121738::junior ran successfully in 119ms
Running Changeset: db/changelog/migrations/db.changelog-202504121747.sql::202504121747::junior
abr. 12, 2025 5:58:06 PM liquibase.changelog
INFORMAÇÕES: Custom SQL executed
abr. 12, 2025 5:58:06 PM liquibase.changelog
INFORMAÇÕES: ChangeSet db/changelog/migrations/db.changelog-202504121747.sql::202504121747::junior ran successfully in 26ms
Running Changeset: db/changelog/migrations/db.changelog-202504121752.sql::202504121752::junior
abr. 12, 2025 5:58:06 PM liquibase.changelog
INFORMAÇÕES: Custom SQL executed
abr. 12, 2025 5:58:06 PM liquibase.changelog
INFORMAÇÕES: ChangeSet db/changelog/migrations/db.changelog-202504121752.sql::202504121752::junior ran successfully in 33ms

UPDATE SUMMARY
Run:                          3
Previously run:               1
Filtered out:                 0
-------------------------------
Total change sets:            4

abr. 12, 2025 5:58:06 PM liquibase.util
INFORMAÇÕES: UPDATE SUMMARY
abr. 12, 2025 5:58:06 PM liquibase.util
INFORMAÇÕES: Run:                          3
abr. 12, 2025 5:58:06 PM liquibase.util
INFORMAÇÕES: Previously run:               1
abr. 12, 2025 5:58:06 PM liquibase.util
INFORMAÇÕES: Filtered out:                 0
abr. 12, 2025 5:58:06 PM liquibase.util
INFORMAÇÕES: -------------------------------
abr. 12, 2025 5:58:06 PM liquibase.util
INFORMAÇÕES: Total change sets:            4
abr. 12, 2025 5:58:06 PM liquibase.util
INFORMAÇÕES: Update summary generated
abr. 12, 2025 5:58:06 PM liquibase.command
INFORMAÇÕES: Update command completed successfully.
Liquibase: Update has been successful. Rows affected: 3
abr. 12, 2025 5:58:06 PM liquibase.lockservice
INFORMAÇÕES: Successfully released change log lock
abr. 12, 2025 5:58:06 PM liquibase.command
INFORMAÇÕES: Command execution complete
